/home/karol/ws/install/uav_sim/lib/python3.10/site-packages/uav_sim/__init__.py
/home/karol/ws/install/uav_sim/lib/python3.10/site-packages/uav_sim/__pycache__/__init__.cpython-310.pyc
/home/karol/ws/install/uav_sim/share/ament_index/resource_index/packages/uav_sim
/home/karol/ws/install/uav_sim/share/uav_sim/package.xml
/home/karol/ws/install/uav_sim/share/uav_sim/launch
/home/karol/ws/install/uav_sim/share/uav_sim/worlds/main_2.sdf
/home/karol/ws/install/uav_sim/share/uav_sim/worlds/plugins/SetWorldPose/CMakeLists.txt
/home/karol/ws/install/uav_sim/share/uav_sim/worlds/plugins/SetWorldPose/SetWorldPose.cpp
/home/karol/ws/install/uav_sim/share/uav_sim/models/radio_tower_diffuse.jpg
/home/karol/ws/install/uav_sim/share/uav_sim/models/post_office_diffuse.jpg
/home/karol/ws/install/uav_sim/share/uav_sim/models/apartment_diffuse.jpg
/home/karol/ws/install/uav_sim/share/uav_sim/models/truss_bridge_diffuse.jpg
/home/karol/ws/install/uav_sim/share/uav_sim/models/fire_station_diffuse.png
/home/karol/ws/install/uav_sim/share/uav_sim/models/fire_truck.png
/home/karol/ws/install/uav_sim/share/uav_sim/models/hatchback.png
/home/karol/ws/install/uav_sim/share/uav_sim/models/osrf_first_office_diffuse.jpg
/home/karol/ws/install/uav_sim/share/uav_sim/models/mine/model.config
/home/karol/ws/install/uav_sim/share/uav_sim/models/mine/model.sdf
/home/karol/ws/install/uav_sim/share/uav_sim/models/mine/meshes/Grass.jpg
/home/karol/ws/install/uav_sim/share/uav_sim/models/mine/meshes/mine.dae
/home/karol/ws/install/uav_sim/share/uav_sim/models/x500_oak/LICENSE
/home/karol/ws/install/uav_sim/share/uav_sim/models/x500_oak/model.config
/home/karol/ws/install/uav_sim/share/uav_sim/models/x500_oak/model.sdf
/home/karol/ws/install/uav_sim/share/uav_sim/models/x500_oak/thumbnails/5.png
/home/karol/ws/install/uav_sim/share/uav_sim/models/x500_oak/thumbnails/4.png
/home/karol/ws/install/uav_sim/share/uav_sim/models/x500_oak/thumbnails/2.png
/home/karol/ws/install/uav_sim/share/uav_sim/models/x500_oak/thumbnails/3.png
/home/karol/ws/install/uav_sim/share/uav_sim/models/x500_oak/thumbnails/1.png
/home/karol/ws/install/uav_sim/share/uav_sim/models/truss_bridge/model.config
/home/karol/ws/install/uav_sim/share/uav_sim/models/truss_bridge/model.sdf
/home/karol/ws/install/uav_sim/share/uav_sim/models/truss_bridge/meshes/truss_bridge.dae
/home/karol/ws/install/uav_sim/share/uav_sim/models/truss_bridge/thumbnails/5.png
/home/karol/ws/install/uav_sim/share/uav_sim/models/truss_bridge/thumbnails/4.png
/home/karol/ws/install/uav_sim/share/uav_sim/models/truss_bridge/thumbnails/2.png
/home/karol/ws/install/uav_sim/share/uav_sim/models/truss_bridge/thumbnails/3.png
/home/karol/ws/install/uav_sim/share/uav_sim/models/truss_bridge/thumbnails/1.png
/home/karol/ws/install/uav_sim/share/uav_sim/models/truss_bridge/materials/textures/truss_bridge_diffuse.jpg
/home/karol/ws/install/uav_sim/share/uav_sim/models/truss_bridge/materials/textures/truss_bridge_spec.jpg
/home/karol/ws/install/uav_sim/share/uav_sim/models/Casual female/model.config
/home/karol/ws/install/uav_sim/share/uav_sim/models/Casual female/model.sdf
/home/karol/ws/install/uav_sim/share/uav_sim/models/Casual female/meshes/casual_female.dae
/home/karol/ws/install/uav_sim/share/uav_sim/models/Casual female/thumbnails/5.png
/home/karol/ws/install/uav_sim/share/uav_sim/models/Casual female/thumbnails/4.png
/home/karol/ws/install/uav_sim/share/uav_sim/models/Casual female/thumbnails/2.png
/home/karol/ws/install/uav_sim/share/uav_sim/models/Casual female/thumbnails/3.png
/home/karol/ws/install/uav_sim/share/uav_sim/models/Casual female/thumbnails/1.png
/home/karol/ws/install/uav_sim/share/uav_sim/models/Casual female/materials/textures/casual_female.png
/home/karol/ws/install/uav_sim/share/uav_sim/models/Casual female/materials/textures/eyelashes01.png
/home/karol/ws/install/uav_sim/share/uav_sim/models/Casual female/materials/textures/female_casualsuit02_normal.png
/home/karol/ws/install/uav_sim/share/uav_sim/models/Casual female/materials/textures/ponytail01_diffuse.png
/home/karol/ws/install/uav_sim/share/uav_sim/models/Casual female/materials/textures/female_casualsuit02_diffuse.png
/home/karol/ws/install/uav_sim/share/uav_sim/models/Casual female/materials/textures/shoes05_diffuse.png
/home/karol/ws/install/uav_sim/share/uav_sim/models/Casual female/materials/textures/young_lightskinned_female_diffuse.png
/home/karol/ws/install/uav_sim/share/uav_sim/models/Casual female/materials/textures/tongue01_diffuse.png
/home/karol/ws/install/uav_sim/share/uav_sim/models/Casual female/materials/textures/eyebrow002.png
/home/karol/ws/install/uav_sim/share/uav_sim/models/Casual female/materials/textures/brown_eye.png
/home/karol/ws/install/uav_sim/share/uav_sim/models/Casual female/materials/textures/female_casualsuit01_normal.png
/home/karol/ws/install/uav_sim/share/uav_sim/models/Casual female/materials/textures/female_casualsuit01_diffuse.png
/home/karol/ws/install/uav_sim/share/uav_sim/models/Pine Tree/model.config
/home/karol/ws/install/uav_sim/share/uav_sim/models/Pine Tree/model.sdf
/home/karol/ws/install/uav_sim/share/uav_sim/models/Pine Tree/meshes/pine_tree.dae
/home/karol/ws/install/uav_sim/share/uav_sim/models/Pine Tree/thumbnails/5.png
/home/karol/ws/install/uav_sim/share/uav_sim/models/Pine Tree/thumbnails/4.png
/home/karol/ws/install/uav_sim/share/uav_sim/models/Pine Tree/thumbnails/2.png
/home/karol/ws/install/uav_sim/share/uav_sim/models/Pine Tree/thumbnails/3.png
/home/karol/ws/install/uav_sim/share/uav_sim/models/Pine Tree/thumbnails/1.png
/home/karol/ws/install/uav_sim/share/uav_sim/models/Pine Tree/materials/scripts/caster_vp.glsl
/home/karol/ws/install/uav_sim/share/uav_sim/models/Pine Tree/materials/scripts/pine_tree.material
/home/karol/ws/install/uav_sim/share/uav_sim/models/Pine Tree/materials/scripts/caster_fp.glsl
/home/karol/ws/install/uav_sim/share/uav_sim/models/Pine Tree/materials/textures/bark_diffuse.png
/home/karol/ws/install/uav_sim/share/uav_sim/models/Pine Tree/materials/textures/branch_2_diffuse.png
/home/karol/ws/install/uav_sim/share/uav_sim/models/suv/model.config
/home/karol/ws/install/uav_sim/share/uav_sim/models/suv/model.sdf
/home/karol/ws/install/uav_sim/share/uav_sim/models/suv/metadata.pbtxt
/home/karol/ws/install/uav_sim/share/uav_sim/models/suv/meshes/suv.mtl
/home/karol/ws/install/uav_sim/share/uav_sim/models/suv/meshes/suv.obj
/home/karol/ws/install/uav_sim/share/uav_sim/models/suv/thumbnails/5.png
/home/karol/ws/install/uav_sim/share/uav_sim/models/suv/thumbnails/4.png
/home/karol/ws/install/uav_sim/share/uav_sim/models/suv/thumbnails/2.png
/home/karol/ws/install/uav_sim/share/uav_sim/models/suv/thumbnails/3.png
/home/karol/ws/install/uav_sim/share/uav_sim/models/suv/thumbnails/1.png
/home/karol/ws/install/uav_sim/share/uav_sim/models/suv/materials/textures/wheels_01.png
/home/karol/ws/install/uav_sim/share/uav_sim/models/suv/materials/textures/suv.png
/home/karol/ws/install/uav_sim/share/uav_sim/models/Oak tree/model.config
/home/karol/ws/install/uav_sim/share/uav_sim/models/Oak tree/model.sdf
/home/karol/ws/install/uav_sim/share/uav_sim/models/Oak tree/meshes/oak_tree.dae
/home/karol/ws/install/uav_sim/share/uav_sim/models/Oak tree/thumbnails/5.png
/home/karol/ws/install/uav_sim/share/uav_sim/models/Oak tree/thumbnails/4.png
/home/karol/ws/install/uav_sim/share/uav_sim/models/Oak tree/thumbnails/2.png
/home/karol/ws/install/uav_sim/share/uav_sim/models/Oak tree/thumbnails/3.png
/home/karol/ws/install/uav_sim/share/uav_sim/models/Oak tree/thumbnails/1.png
/home/karol/ws/install/uav_sim/share/uav_sim/models/Oak tree/materials/scripts/caster_vp.glsl
/home/karol/ws/install/uav_sim/share/uav_sim/models/Oak tree/materials/scripts/oak_tree.material
/home/karol/ws/install/uav_sim/share/uav_sim/models/Oak tree/materials/scripts/caster_fp.glsl
/home/karol/ws/install/uav_sim/share/uav_sim/models/Oak tree/materials/textures/bark_diffuse.png
/home/karol/ws/install/uav_sim/share/uav_sim/models/Oak tree/materials/textures/branch_diffuse.png
/home/karol/ws/install/uav_sim/share/uav_sim/models/Hatchback blue/model.config
/home/karol/ws/install/uav_sim/share/uav_sim/models/Hatchback blue/model.sdf
/home/karol/ws/install/uav_sim/share/uav_sim/models/Hatchback blue/metadata.pbtxt
/home/karol/ws/install/uav_sim/share/uav_sim/models/Hatchback blue/meshes/hatchback.mtl
/home/karol/ws/install/uav_sim/share/uav_sim/models/Hatchback blue/meshes/hatchback.obj
/home/karol/ws/install/uav_sim/share/uav_sim/models/Hatchback blue/thumbnails/5.png
/home/karol/ws/install/uav_sim/share/uav_sim/models/Hatchback blue/thumbnails/4.png
/home/karol/ws/install/uav_sim/share/uav_sim/models/Hatchback blue/thumbnails/2.png
/home/karol/ws/install/uav_sim/share/uav_sim/models/Hatchback blue/thumbnails/3.png
/home/karol/ws/install/uav_sim/share/uav_sim/models/Hatchback blue/thumbnails/1.png
/home/karol/ws/install/uav_sim/share/uav_sim/models/Hatchback blue/materials/textures/hatchback.png
/home/karol/ws/install/uav_sim/share/uav_sim/models/ground_plane_large/model.config
/home/karol/ws/install/uav_sim/share/uav_sim/models/ground_plane_large/model.sdf
/home/karol/ws/install/uav_sim/share/uav_sim/models/ground_plane_large/materials/scripts/ground.material
/home/karol/ws/install/uav_sim/share/uav_sim/models/ground_plane_large/materials/textures/ground_texture.jpg
/home/karol/ws/install/uav_sim/share/uav_sim/models/Walkway Metal 90 degree/model.config
/home/karol/ws/install/uav_sim/share/uav_sim/models/Walkway Metal 90 degree/model.sdf
/home/karol/ws/install/uav_sim/share/uav_sim/models/Walkway Metal 90 degree/meshes/mesh.obj
/home/karol/ws/install/uav_sim/share/uav_sim/models/Walkway Metal 90 degree/meshes/mesh.mtl
/home/karol/ws/install/uav_sim/share/uav_sim/models/Walkway Metal 90 degree/thumbnails/5.png
/home/karol/ws/install/uav_sim/share/uav_sim/models/Walkway Metal 90 degree/thumbnails/4.png
/home/karol/ws/install/uav_sim/share/uav_sim/models/Walkway Metal 90 degree/thumbnails/2.png
/home/karol/ws/install/uav_sim/share/uav_sim/models/Walkway Metal 90 degree/thumbnails/3.png
/home/karol/ws/install/uav_sim/share/uav_sim/models/Walkway Metal 90 degree/thumbnails/1.png
/home/karol/ws/install/uav_sim/share/uav_sim/models/walkway_metal_straight/model.config
/home/karol/ws/install/uav_sim/share/uav_sim/models/walkway_metal_straight/model.sdf
/home/karol/ws/install/uav_sim/share/uav_sim/models/walkway_metal_straight/meshes/mesh.obj
/home/karol/ws/install/uav_sim/share/uav_sim/models/walkway_metal_straight/meshes/mesh.mtl
/home/karol/ws/install/uav_sim/share/uav_sim/models/walkway_metal_straight/thumbnails/5.png
/home/karol/ws/install/uav_sim/share/uav_sim/models/walkway_metal_straight/thumbnails/4.png
/home/karol/ws/install/uav_sim/share/uav_sim/models/walkway_metal_straight/thumbnails/2.png
/home/karol/ws/install/uav_sim/share/uav_sim/models/walkway_metal_straight/thumbnails/3.png
/home/karol/ws/install/uav_sim/share/uav_sim/models/walkway_metal_straight/thumbnails/1.png
/home/karol/ws/install/uav_sim/share/uav_sim/models/walkway_metal_straight/materials/textures/walkway.png
/home/karol/ws/install/uav_sim/lib/python3.10/site-packages/uav_sim-0.0.0-py3.10.egg-info/zip-safe
/home/karol/ws/install/uav_sim/lib/python3.10/site-packages/uav_sim-0.0.0-py3.10.egg-info/entry_points.txt
/home/karol/ws/install/uav_sim/lib/python3.10/site-packages/uav_sim-0.0.0-py3.10.egg-info/SOURCES.txt
/home/karol/ws/install/uav_sim/lib/python3.10/site-packages/uav_sim-0.0.0-py3.10.egg-info/requires.txt
/home/karol/ws/install/uav_sim/lib/python3.10/site-packages/uav_sim-0.0.0-py3.10.egg-info/top_level.txt
/home/karol/ws/install/uav_sim/lib/python3.10/site-packages/uav_sim-0.0.0-py3.10.egg-info/PKG-INFO
/home/karol/ws/install/uav_sim/lib/python3.10/site-packages/uav_sim-0.0.0-py3.10.egg-info/dependency_links.txt
